Arguments: 
  C:\Program Files\nodejs\node.exe C:\Users\vic19\AppData\Roaming\npm\node_modules\yarn\bin\yarn.js add .

PATH: 
  C:\ProgramData\Oracle\Java\javapath;C:\WINDOWS\system32;C:\WINDOWS;C:\WINDOWS\System32\Wbem;C:\WINDOWS\System32\WindowsPowerShell\v1.0\;C:\Program Files (x86)\NVIDIA Corporation\PhysX\Common;C:\Program Files\nodejs\;D:\Program Files\Git\cmd;"D:\Program Files\Java\jdk1.8.0_161\bin;";C:\Users\vic19\AppData\Local\Android\Sdk;C:\Users\vic19\AppData\Local\Android\Sdk\platform-tools;;C:\Users\vic19\AppData\Local\Microsoft\WindowsApps;C:\Users\vic19\AppData\Roaming\npm;D:\Program Files\Microsoft VS Code\bin

Yarn version: 
  1.5.1

Node version: 
  8.10.0

Platform: 
  win32 x64

npm manifest: 
  {
    "name": "xcxerxes-array-first",
    "version": "1.0.0",
    "description": "array first",
    "main": "index.js",
    "repository": "https://github.com/XcXerxes/xcxerxes-array-first.git",
    "author": "XcXerxes <xia510377386@icloud.com>",
    "scripts": {
      "test": "node ./test/index.js"
    },
    "keywords": [
      "node",
      "array",
      "slice first"
    ],
    "license": "MIT",
    "devDependencies": {
      "array-slice": "^1.1.0",
      "is-number": "^5.0.0"
    }
  }

yarn manifest: 
  No manifest

Lockfile: 
  # THIS IS AN AUTOGENERATED FILE. DO NOT EDIT THIS FILE DIRECTLY.
  # yarn lockfile v1
  
  
  array-slice@^1.1.0:
    version "1.1.0"
    resolved "https://registry.yarnpkg.com/array-slice/-/array-slice-1.1.0.tgz#e368ea15f89bc7069f7ffb89aec3a6c7d4ac22d4"
  
  is-number@^5.0.0:
    version "5.0.0"
    resolved "https://registry.yarnpkg.com/is-number/-/is-number-5.0.0.tgz#c393bc471e65de1a10a6abcb20efeb12d2b88166"

Trace: 
  Error: Received malformed response from registry for undefined. The registry may be down.
      at new MessageError (C:\Users\vic19\AppData\Roaming\npm\node_modules\yarn\lib\cli.js:186:110)
      at Function.<anonymous> (C:\Users\vic19\AppData\Roaming\npm\node_modules\yarn\lib\cli.js:51419:15)
      at Generator.next (<anonymous>)
      at step (C:\Users\vic19\AppData\Roaming\npm\node_modules\yarn\lib\cli.js:98:30)
      at C:\Users\vic19\AppData\Roaming\npm\node_modules\yarn\lib\cli.js:116:14
      at new Promise (<anonymous>)
      at new F (C:\Users\vic19\AppData\Roaming\npm\node_modules\yarn\lib\cli.js:23451:28)
      at Function.<anonymous> (C:\Users\vic19\AppData\Roaming\npm\node_modules\yarn\lib\cli.js:95:12)
      at Function.findVersionInRegistryResponse (C:\Users\vic19\AppData\Roaming\npm\node_modules\yarn\lib\cli.js:51461:19)
      at NpmResolver.<anonymous> (C:\Users\vic19\AppData\Roaming\npm\node_modules\yarn\lib\cli.js:51479:28)
